#
# A fatal error has been detected by the Java Runtime Environment:
#
#  SIGSEGV (0xb) at pc=0x00007fff91682097, pid=9850, tid=8971
#
# JRE version: 7.0_17-b02
# Java VM: Java HotSpot(TM) 64-Bit Server VM (23.7-b01 mixed mode bsd-amd64 compressed oops)
# Problematic frame:
# C  [libobjc.A.dylib+0x5097]  objc_msgSend+0x17
#
# Failed to write core dump. Core dumps have been disabled. To enable core dumping, try "ulimit -c unlimited" before starting Java again
#
# If you would like to submit a bug report, please visit:
#   http://bugreport.sun.com/bugreport/crash.jsp
# The crash happened outside the Java Virtual Machine in native code.
# See problematic frame for where to report the bug.
#

---------------  T H R E A D  ---------------

Current thread (0x00007f89fb871800):  JavaThread "AppKit Thread" daemon [_thread_in_native, id=8971, stack(0x00007fff55da0000,0x00007fff55e20000)]

siginfo:si_signo=SIGSEGV: si_errno=0, si_code=0 (SEGV0), si_addr=0x0000000000000000

Registers:
RAX=0x00000000000000e0, RBX=0x0000000000000000, RCX=0xffff8076062fddcf, RDX=0x0000000000000000
RSP=0x00007fff55e1b7a8, RBP=0x00007fff55e1b7f0, RSI=0x00007fff8de1fd3f, RDI=0x00007f89f9e252e0
R8 =0x00000000000000ff, R9 =0xffff8076062fddcf, R10=0x00007fff8de1fd3f, R11=0x9000000000000000
R12=0x0000000000000000, R13=0x0000000000000000, R14=0x00007f89f9e252e0, R15=0x0000000000000000
RIP=0x00007fff91682097, EFLAGS=0x0000000000010246, ERR=0x0000000000000000
  TRAPNO=0x000000000000000d

Top of Stack: (sp=0x00007fff55e1b7a8)
0x00007fff55e1b7a8:   00007fff8d533386 01007fff7d6cd0d0
0x00007fff55e1b7b8:   0100000000000000 0000000000000000
0x00007fff55e1b7c8:   00007fff91682080 00007f89f9e252e0
0x00007fff55e1b7d8:   00007fff7d101d00 00007f8a000e1b20
0x00007fff55e1b7e8:   00007f8a000e1b20 00007fff55e1b860
0x00007fff55e1b7f8:   00007fff8d655fcd 00007fff7e2555a0
0x00007fff55e1b808:   0000000000000000 0000000000000000
0x00007fff55e1b818:   00007f8a000e1b20 0000000000000001
0x00007fff55e1b828:   00007f8a00000001 00007f8a000e1b20
0x00007fff55e1b838:   00000000000000e0 00007f8a000e1b20
0x00007fff55e1b848:   00007fff91682080 0000000000000000
0x00007fff55e1b858:   00007fff7d101d00 00007fff55e1b960
0x00007fff55e1b868:   00007fff8d53b475 00007f89f9e20e00
0x00007fff55e1b878:   0000000000000000 00007fff55e1b8c0
0x00007fff55e1b888:   00007fff94b5f8f3 0010540000105400
0x00007fff55e1b898:   00012068f9d62a40 0007ee000007ee00
0x00007fff55e1b8a8:   00007f89f9e20df0 00000001f9e20e00
0x00007fff55e1b8b8:   0000000000000000 00007fff55e1b901
0x00007fff55e1b8c8:   00007fff95ec083a 0000000000000000
0x00007fff55e1b8d8:   0000000000000000 01007f8900000000
0x00007fff55e1b8e8:   0000000000000000 00007fff55e1b910
0x00007fff55e1b8f8:   0000000000000000 00007f89f9e20df0
0x00007fff55e1b908:   00007fff7d101db0 00007fff55e1b940
0x00007fff55e1b918:   00007fff8d52d147 00007fff91682080
0x00007fff55e1b928:   00007fff7d101d80 00007f8a000e1b20
0x00007fff55e1b938:   00007fff91682080 00007fff7d101d80
0x00007fff55e1b948:   0000000000000000 00007f8a000e1b20
0x00007fff55e1b958:   0000000000000000 00007fff55e1ba50
0x00007fff55e1b968:   00007fff8d53a5a0 00007f8900000000
0x00007fff55e1b978:   00007f8900000000 00007f89f9f4dd40
0x00007fff55e1b988:   0000000000000001 0000000000000000
0x00007fff55e1b998:   0000000000000002 0000000000012068 

Instructions: (pc=0x00007fff91682097)
0x00007fff91682077:   90 90 90 90 90 90 90 90 90 48 85 ff 2e 74 72 40
0x00007fff91682087:   f6 c7 01 2e 0f 85 7e 00 00 00 4c 8b 1f 49 89 f2
0x00007fff91682097:   45 23 53 18 49 c1 e2 04 4d 03 53 10 49 3b 32 75
0x00007fff916820a7:   04 41 ff 62 08 49 83 3a 00 74 74 4d 3b 53 10 74 

Register to memory mapping:

RAX=0x00000000000000e0 is an unknown value
RBX=0x0000000000000000 is an unknown value
RCX=0xffff8076062fddcf is an unknown value
RDX=0x0000000000000000 is an unknown value
RSP=0x00007fff55e1b7a8 is pointing into the stack for thread: 0x00007f89fb871800
RBP=0x00007fff55e1b7f0 is pointing into the stack for thread: 0x00007f89fb871800
RSI=0x00007fff8de1fd3f: NSAppKitVersionNumber+0x972f in /System/Library/Frameworks/AppKit.framework/Versions/C/AppKit at 0x00007fff8d3c6000
RDI=0x00007f89f9e252e0 is an unknown value
R8 =0x00000000000000ff is an unknown value
R9 =0xffff8076062fddcf is an unknown value
R10=0x00007fff8de1fd3f: NSAppKitVersionNumber+0x972f in /System/Library/Frameworks/AppKit.framework/Versions/C/AppKit at 0x00007fff8d3c6000
R11=0x9000000000000000 is an unknown value
R12=0x0000000000000000 is an unknown value
R13=0x0000000000000000 is an unknown value
R14=0x00007f89f9e252e0 is an unknown value
R15=0x0000000000000000 is an unknown value


Stack: [0x00007fff55da0000,0x00007fff55e20000],  sp=0x00007fff55e1b7a8,  free space=493k
Native frames: (J=compiled Java code, j=interpreted, Vv=VM code, C=native code)
C  [libobjc.A.dylib+0x5097]  objc_msgSend+0x17
C  [AppKit+0x28ffcd]  -[NSWindow _orderOutAndCalcKeyWithCounter:stillVisible:docWindow:]+0x484
C  [AppKit+0x175475]  -[NSWindow _reallyDoOrderWindow:relativeTo:findKey:forCounter:force:isModal:]+0xc33
C  [AppKit+0x1745a0]  -[NSWindow _doOrderWindow:relativeTo:findKey:forCounter:force:isModal:]+0x312
C  [AppKit+0x174220]  -[NSWindow orderWindow:relativeTo:]+0xa2
C  [Foundation+0x6313e]  __NSThreadPerformPerform+0xe5
C  [CoreFoundation+0x7f731]  __CFRUNLOOP_IS_CALLING_OUT_TO_A_SOURCE0_PERFORM_FUNCTION__+0x11
C  [CoreFoundation+0x70ea2]  __CFRunLoopDoSources0+0xf2
C  [CoreFoundation+0x7062f]  __CFRunLoopRun+0x33f
C  [CoreFoundation+0x700b5]  CFRunLoopRunSpecific+0x135
C  [HIToolbox+0x2ea0d]  RunCurrentEventLoopInMode+0xe2
C  [HIToolbox+0x2e7b7]  ReceiveNextEventCommon+0x1df
C  [HIToolbox+0x2e5bc]  _BlockUntilNextEventMatchingListInModeWithFilter+0x41
C  [AppKit+0x243de]  _DPSNextEvent+0x59a
C  [AppKit+0x23a2b]  -[NSApplication nextEventMatchingMask:untilDate:inMode:dequeue:]+0x7a
C  [libosxapp.dylib+0x1b56]  -[NSApplicationAWT nextEventMatchingMask:untilDate:inMode:dequeue:]+0x7c
C  [AppKit+0x17b2c]  -[NSApplication run]+0x229
C  [libosxapp.dylib+0x19b9]  +[NSApplicationAWT runAWTLoopWithApp:]+0x9c
C  [liblwawt.dylib+0xd81a]  -[AWTStarter starter:]+0x637
C  [Foundation+0x6313e]  __NSThreadPerformPerform+0xe5
C  [CoreFoundation+0x7f731]  __CFRUNLOOP_IS_CALLING_OUT_TO_A_SOURCE0_PERFORM_FUNCTION__+0x11
C  [CoreFoundation+0x70ea2]  __CFRunLoopDoSources0+0xf2
C  [CoreFoundation+0x7062f]  __CFRunLoopRun+0x33f
C  [CoreFoundation+0x700b5]  CFRunLoopRunSpecific+0x135
C  [java+0x742d]  CreateExecutionEnvironment+0x367
C  [java+0x1bdc]  JLI_Launch+0x7a0
C  [java+0x778a]  main+0x65
C  [java+0x1434]  start+0x34


---------------  P R O C E S S  ---------------

Java Threads: ( => current thread )
  0x00007f89fb0b3800 JavaThread "DestroyJavaVM" [_thread_blocked, id=3847, stack(0x000000010baa8000,0x000000010bba8000)]
  0x00007f89fb2e3000 JavaThread "TimerQueue" daemon [_thread_blocked, id=57347, stack(0x000000011617b000,0x000000011627b000)]
  0x00007f89fb183800 JavaThread "AWT-EventQueue-0" [_thread_blocked, id=45831, stack(0x00000001149c3000,0x0000000114ac3000)]
  0x00007f89fa893800 JavaThread "Java2D Disposer" daemon [_thread_blocked, id=44803, stack(0x0000000114376000,0x0000000114476000)]
  0x00007f89fb0e0800 JavaThread "Java2D Queue Flusher" daemon [_thread_blocked, id=43015, stack(0x0000000113e54000,0x0000000113f54000)]
  0x00007f89fb872000 JavaThread "AWT-Shutdown" [_thread_blocked, id=17159, stack(0x000000010fbb4000,0x000000010fcb4000)]
=>0x00007f89fb871800 JavaThread "AppKit Thread" daemon [_thread_in_native, id=8971, stack(0x00007fff55da0000,0x00007fff55e20000)]
  0x00007f89fa803800 JavaThread "Service Thread" daemon [_thread_blocked, id=15363, stack(0x000000010f679000,0x000000010f779000)]
  0x00007f89fa801000 JavaThread "C2 CompilerThread1" daemon [_thread_blocked, id=15107, stack(0x000000010f576000,0x000000010f676000)]
  0x00007f89fb023800 JavaThread "C2 CompilerThread0" daemon [_thread_blocked, id=14851, stack(0x000000010f473000,0x000000010f573000)]
  0x00007f89fb01c800 JavaThread "Signal Dispatcher" daemon [_thread_blocked, id=14595, stack(0x000000010f370000,0x000000010f470000)]
  0x00007f89fb852000 JavaThread "Finalizer" daemon [_thread_blocked, id=9267, stack(0x000000010f12d000,0x000000010f22d000)]
  0x00007f89fb851800 JavaThread "Reference Handler" daemon [_thread_blocked, id=271, stack(0x000000010f02a000,0x000000010f12a000)]

Other Threads:
  0x00007f89fb84f000 VMThread [stack: 0x000000010ef27000,0x000000010f027000] [id=523]
  0x00007f89fa80e000 WatcherThread [stack: 0x000000010f77c000,0x000000010f87c000] [id=15619]

VM state:not at safepoint (normal execution)

VM Mutex/Monitor currently owned by a thread: None

Heap
 def new generation   total 13760K, used 3007K [0x00000007f0400000, 0x00000007f12e0000, 0x00000007f3ca0000)
  eden space 12288K,  19% used [0x00000007f0400000, 0x00000007f0661e80, 0x00000007f1000000)
  from space 1472K,  38% used [0x00000007f1000000, 0x00000007f108e0c8, 0x00000007f1170000)
  to   space 1472K,   0% used [0x00000007f1170000, 0x00000007f1170000, 0x00000007f12e0000)
 tenured generation   total 44568K, used 34983K [0x00000007f3ca0000, 0x00000007f6826000, 0x00000007fae00000)
   the space 44568K,  78% used [0x00000007f3ca0000, 0x00000007f5ec9d28, 0x00000007f5ec9e00, 0x00000007f6826000)
 compacting perm gen  total 21248K, used 14795K [0x00000007fae00000, 0x00000007fc2c0000, 0x0000000800000000)
   the space 21248K,  69% used [0x00000007fae00000, 0x00000007fbc72ef0, 0x00000007fbc73000, 0x00000007fc2c0000)
No shared spaces configured.

Card table byte_map: [0x0000000109f73000,0x0000000109ff2000] byte_map_base: 0x0000000105ff1000

Polling page: 0x0000000109f60000

Code Cache  [0x000000010bbaa000, 0x000000010be1a000, 0x000000010ebaa000)
 total_blobs=689 nmethods=209 adapters=432 free_code_cache=48171Kb largest_free_block=49283200

Compilation events (10 events):
Event: 12.686 Thread 0x00007f89fa801000  213             java.util.concurrent.locks.ReentrantLock::lock (8 bytes)
Event: 12.686 Thread 0x00007f89fb023800  214             java.util.concurrent.locks.ReentrantLock$NonfairSync::lock (25 bytes)
Event: 12.689 Thread 0x00007f89fb023800 nmethod 214 0x000000010bc9f750 code [0x000000010bc9f8c0, 0x000000010bc9f9f0]
Event: 12.689 Thread 0x00007f89fa801000 nmethod 213 0x000000010bc9f2d0 code [0x000000010bc9f440, 0x000000010bc9f590]
Event: 17.421 Thread 0x00007f89fb023800  215             java.awt.Component::getWidth (5 bytes)
Event: 17.421 Thread 0x00007f89fa801000  216             java.awt.Component::getHeight (5 bytes)
Event: 17.421 Thread 0x00007f89fa801000 nmethod 216 0x000000010bca2990 code [0x000000010bca2ac0, 0x000000010bca2b18]
Event: 17.421 Thread 0x00007f89fb023800 nmethod 215 0x000000010bca2790 code [0x000000010bca28c0, 0x000000010bca2918]
Event: 17.573 Thread 0x00007f89fb023800  217             javax.swing.ArrayTable::get (83 bytes)
Event: 17.576 Thread 0x00007f89fb023800 nmethod 217 0x000000010bc68150 code [0x000000010bc682c0, 0x000000010bc684a8]

GC Heap History (10 events):
Event: 8.871 GC heap before
{Heap before GC invocations=29 (full 5):
 def new generation   total 13760K, used 13229K [0x00000007f0400000, 0x00000007f12e0000, 0x00000007f3ca0000)
  eden space 12288K, 100% used [0x00000007f0400000, 0x00000007f1000000, 0x00000007f1000000)
  from space 1472K,  63% used [0x00000007f1170000, 0x00000007f125b7a8, 0x00000007f12e0000)
  to   space 1472K,   0% used [0x00000007f1000000, 0x00000007f1000000, 0x00000007f1170000)
 tenured generation   total 44568K, used 33517K [0x00000007f3ca0000, 0x00000007f6826000, 0x00000007fae00000)
   the space 44568K,  75% used [0x00000007f3ca0000, 0x00000007f5d5b448, 0x00000007f5d5b600, 0x00000007f6826000)
 compacting perm gen  total 21248K, used 14741K [0x00000007fae00000, 0x00000007fc2c0000, 0x0000000800000000)
   the space 21248K,  69% used [0x00000007fae00000, 0x00000007fbc65510, 0x00000007fbc65600, 0x00000007fc2c0000)
No shared spaces configured.
Event: 8.874 GC heap after
Heap after GC invocations=30 (full 5):
 def new generation   total 13760K, used 763K [0x00000007f0400000, 0x00000007f12e0000, 0x00000007f3ca0000)
  eden space 12288K,   0% used [0x00000007f0400000, 0x00000007f0400000, 0x00000007f1000000)
  from space 1472K,  51% used [0x00000007f1000000, 0x00000007f10bef00, 0x00000007f1170000)
  to   space 1472K,   0% used [0x00000007f1170000, 0x00000007f1170000, 0x00000007f12e0000)
 tenured generation   total 44568K, used 33996K [0x00000007f3ca0000, 0x00000007f6826000, 0x00000007fae00000)
   the space 44568K,  76% used [0x00000007f3ca0000, 0x00000007f5dd32c8, 0x00000007f5dd3400, 0x00000007f6826000)
 compacting perm gen  total 21248K, used 14741K [0x00000007fae00000, 0x00000007fc2c0000, 0x0000000800000000)
   the space 21248K,  69% used [0x00000007fae00000, 0x00000007fbc65510, 0x00000007fbc65600, 0x00000007fc2c0000)
No shared spaces configured.
}
Event: 8.908 GC heap before
{Heap before GC invocations=30 (full 5):
 def new generation   total 13760K, used 13051K [0x00000007f0400000, 0x00000007f12e0000, 0x00000007f3ca0000)
  eden space 12288K, 100% used [0x00000007f0400000, 0x00000007f1000000, 0x00000007f1000000)
  from space 1472K,  51% used [0x00000007f1000000, 0x00000007f10bef00, 0x00000007f1170000)
  to   space 1472K,   0% used [0x00000007f1170000, 0x00000007f1170000, 0x00000007f12e0000)
 tenured generation   total 44568K, used 33996K [0x00000007f3ca0000, 0x00000007f6826000, 0x00000007fae00000)
   the space 44568K,  76% used [0x00000007f3ca0000, 0x00000007f5dd32c8, 0x00000007f5dd3400, 0x00000007f6826000)
 compacting perm gen  total 21248K, used 14741K [0x00000007fae00000, 0x00000007fc2c0000, 0x0000000800000000)
   the space 21248K,  69% used [0x00000007fae00000, 0x00000007fbc65510, 0x00000007fbc65600, 0x00000007fc2c0000)
No shared spaces configured.
Event: 8.910 GC heap after
Heap after GC invocations=31 (full 5):
 def new generation   total 13760K, used 763K [0x00000007f0400000, 0x00000007f12e0000, 0x00000007f3ca0000)
  eden space 12288K,   0% used [0x00000007f0400000, 0x00000007f0400000, 0x00000007f1000000)
  from space 1472K,  51% used [0x00000007f1170000, 0x00000007f122ed08, 0x00000007f12e0000)
  to   space 1472K,   0% used [0x00000007f1000000, 0x00000007f1000000, 0x00000007f1170000)
 tenured generation   total 44568K, used 34222K [0x00000007f3ca0000, 0x00000007f6826000, 0x00000007fae00000)
   the space 44568K,  76% used [0x00000007f3ca0000, 0x00000007f5e0b948, 0x00000007f5e0ba00, 0x00000007f6826000)
 compacting perm gen  total 21248K, used 14741K [0x00000007fae00000, 0x00000007fc2c0000, 0x0000000800000000)
   the space 21248K,  69% used [0x00000007fae00000, 0x00000007fbc65510, 0x00000007fbc65600, 0x00000007fc2c0000)
No shared spaces configured.
}
Event: 8.944 GC heap before
{Heap before GC invocations=31 (full 5):
 def new generation   total 13760K, used 13051K [0x00000007f0400000, 0x00000007f12e0000, 0x00000007f3ca0000)
  eden space 12288K, 100% used [0x00000007f0400000, 0x00000007f1000000, 0x00000007f1000000)
  from space 1472K,  51% used [0x00000007f1170000, 0x00000007f122ed08, 0x00000007f12e0000)
  to   space 1472K,   0% used [0x00000007f1000000, 0x00000007f1000000, 0x00000007f1170000)
 tenured generation   total 44568K, used 34222K [0x00000007f3ca0000, 0x00000007f6826000, 0x00000007fae00000)
   the space 44568K,  76% used [0x00000007f3ca0000, 0x00000007f5e0b948, 0x00000007f5e0ba00, 0x00000007f6826000)
 compacting perm gen  total 21248K, used 14741K [0x00000007fae00000, 0x00000007fc2c0000, 0x0000000800000000)
   the space 21248K,  69% used [0x00000007fae00000, 0x00000007fbc65510, 0x00000007fbc65600, 0x00000007fc2c0000)
No shared spaces configured.
Event: 8.946 GC heap after
Heap after GC invocations=32 (full 5):
 def new generation   total 13760K, used 788K [0x00000007f0400000, 0x00000007f12e0000, 0x00000007f3ca0000)
  eden space 12288K,   0% used [0x00000007f0400000, 0x00000007f0400000, 0x00000007f1000000)
  from space 1472K,  53% used [0x00000007f1000000, 0x00000007f10c5380, 0x00000007f1170000)
  to   space 1472K,   0% used [0x00000007f1170000, 0x00000007f1170000, 0x00000007f12e0000)
 tenured generation   total 44568K, used 34436K [0x00000007f3ca0000, 0x00000007f6826000, 0x00000007fae00000)
   the space 44568K,  77% used [0x00000007f3ca0000, 0x00000007f5e411a0, 0x00000007f5e41200, 0x00000007f6826000)
 compacting perm gen  total 21248K, used 14741K [0x00000007fae00000, 0x00000007fc2c0000, 0x0000000800000000)
   the space 21248K,  69% used [0x00000007fae00000, 0x00000007fbc65510, 0x00000007fbc65600, 0x00000007fc2c0000)
No shared spaces configured.
}
Event: 8.980 GC heap before
{Heap before GC invocations=32 (full 5):
 def new generation   total 13760K, used 12838K [0x00000007f0400000, 0x00000007f12e0000, 0x00000007f3ca0000)
  eden space 12288K,  98% used [0x00000007f0400000, 0x00000007f0fc47f0, 0x00000007f1000000)
  from space 1472K,  53% used [0x00000007f1000000, 0x00000007f10c5380, 0x00000007f1170000)
  to   space 1472K,   0% used [0x00000007f1170000, 0x00000007f1170000, 0x00000007f12e0000)
 tenured generation   total 44568K, used 34436K [0x00000007f3ca0000, 0x00000007f6826000, 0x00000007fae00000)
   the space 44568K,  77% used [0x00000007f3ca0000, 0x00000007f5e411a0, 0x00000007f5e41200, 0x00000007f6826000)
 compacting perm gen  total 21248K, used 14741K [0x00000007fae00000, 0x00000007fc2c0000, 0x0000000800000000)
   the space 21248K,  69% used [0x00000007fae00000, 0x00000007fbc65510, 0x00000007fbc65600, 0x00000007fc2c0000)
No shared spaces configured.
Event: 8.982 GC heap after
Heap after GC invocations=33 (full 5):
 def new generation   total 13760K, used 834K [0x00000007f0400000, 0x00000007f12e0000, 0x00000007f3ca0000)
  eden space 12288K,   0% used [0x00000007f0400000, 0x00000007f0400000, 0x00000007f1000000)
  from space 1472K,  56% used [0x00000007f1170000, 0x00000007f1240a88, 0x00000007f12e0000)
  to   space 1472K,   0% used [0x00000007f1000000, 0x00000007f1000000, 0x00000007f1170000)
 tenured generation   total 44568K, used 34757K [0x00000007f3ca0000, 0x00000007f6826000, 0x00000007fae00000)
   the space 44568K,  77% used [0x00000007f3ca0000, 0x00000007f5e914b0, 0x00000007f5e91600, 0x00000007f6826000)
 compacting perm gen  total 21248K, used 14741K [0x00000007fae00000, 0x00000007fc2c0000, 0x0000000800000000)
   the space 21248K,  69% used [0x00000007fae00000, 0x00000007fbc65510, 0x00000007fbc65600, 0x00000007fc2c0000)
No shared spaces configured.
}
Event: 9.028 GC heap before
{Heap before GC invocations=33 (full 5):
 def new generation   total 13760K, used 13122K [0x00000007f0400000, 0x00000007f12e0000, 0x00000007f3ca0000)
  eden space 12288K, 100% used [0x00000007f0400000, 0x00000007f1000000, 0x00000007f1000000)
  from space 1472K,  56% used [0x00000007f1170000, 0x00000007f1240a88, 0x00000007f12e0000)
  to   space 1472K,   0% used [0x00000007f1000000, 0x00000007f1000000, 0x00000007f1170000)
 tenured generation   total 44568K, used 34757K [0x00000007f3ca0000, 0x00000007f6826000, 0x00000007fae00000)
   the space 44568K,  77% used [0x00000007f3ca0000, 0x00000007f5e914b0, 0x00000007f5e91600, 0x00000007f6826000)
 compacting perm gen  total 21248K, used 14769K [0x00000007fae00000, 0x00000007fc2c0000, 0x0000000800000000)
   the space 21248K,  69% used [0x00000007fae00000, 0x00000007fbc6c590, 0x00000007fbc6c600, 0x00000007fc2c0000)
No shared spaces configured.
Event: 9.031 GC heap after
Heap after GC invocations=34 (full 5):
 def new generation   total 13760K, used 568K [0x00000007f0400000, 0x00000007f12e0000, 0x00000007f3ca0000)
  eden space 12288K,   0% used [0x00000007f0400000, 0x00000007f0400000, 0x00000007f1000000)
  from space 1472K,  38% used [0x00000007f1000000, 0x00000007f108e0c8, 0x00000007f1170000)
  to   space 1472K,   0% used [0x00000007f1170000, 0x00000007f1170000, 0x00000007f12e0000)
 tenured generation   total 44568K, used 34983K [0x00000007f3ca0000, 0x00000007f6826000, 0x00000007fae00000)
   the space 44568K,  78% used [0x00000007f3ca0000, 0x00000007f5ec9d28, 0x00000007f5ec9e00, 0x00000007f6826000)
 compacting perm gen  total 21248K, used 14769K [0x00000007fae00000, 0x00000007fc2c0000, 0x0000000800000000)
   the space 21248K,  69% used [0x00000007fae00000, 0x00000007fbc6c590, 0x00000007fbc6c600, 0x00000007fc2c0000)
No shared spaces configured.
}

Deoptimization events (10 events):
Event: 8.414 Thread 0x00007f89fb800800 Uncommon trap -83 fr.pc 0x000000010bc7512c
Event: 8.415 Thread 0x00007f89fb800800 Uncommon trap -83 fr.pc 0x000000010bc6817c
Event: 8.416 Thread 0x00007f89fb800800 Uncommon trap -83 fr.pc 0x000000010bc7bde4
Event: 8.416 Thread 0x00007f89fb800800 Uncommon trap -83 fr.pc 0x000000010bc75c50
Event: 8.774 Thread 0x00007f89fb800800 Uncommon trap -34 fr.pc 0x000000010bc7702c
Event: 9.005 Thread 0x00007f89fb800800 Uncommon trap -83 fr.pc 0x000000010bc9ca44
Event: 9.016 Thread 0x00007f89fb183800 Uncommon trap -83 fr.pc 0x000000010bc80d04
Event: 9.019 Thread 0x00007f89fb800800 Uncommon trap -34 fr.pc 0x000000010bc7702c
Event: 9.020 Thread 0x00007f89fb800800 Uncommon trap -34 fr.pc 0x000000010bc7702c
Event: 9.020 Thread 0x00007f89fb800800 Uncommon trap -34 fr.pc 0x000000010bc7702c

Internal exceptions (10 events):
Event: 8.414 Thread 0x00007f89fb800800 Implicit null exception at 0x000000010bc74e91 to 0x000000010bc75121
Event: 8.415 Thread 0x00007f89fb800800 Implicit null exception at 0x000000010bc67f39 to 0x000000010bc6816d
Event: 8.774 Thread 0x00007f89fb800800 Threw 0x00000007f0c58e28 at /HUDSON/workspace/jdk7u17-2-build-macosx-amd64-product/jdk7u17/hotspot/src/share/vm/prims/jvm.cpp:1166
Event: 9.016 Thread 0x00007f89fb183800 Implicit null exception at 0x000000010bc8087b to 0x000000010bc80ce9
Event: 9.018 Thread 0x00007f89fb800800 Threw 0x00000007f0f46b58 at /HUDSON/workspace/jdk7u17-2-build-macosx-amd64-product/jdk7u17/hotspot/src/share/vm/prims/jvm.cpp:1166
Event: 9.020 Thread 0x00007f89fb800800 Threw 0x00000007f0f50da8 at /HUDSON/workspace/jdk7u17-2-build-macosx-amd64-product/jdk7u17/hotspot/src/share/vm/prims/jvm.cpp:1166
Event: 9.020 Thread 0x00007f89fb800800 Threw 0x00000007f0f72d60 at /HUDSON/workspace/jdk7u17-2-build-macosx-amd64-product/jdk7u17/hotspot/src/share/vm/prims/jvm.cpp:1166
Event: 9.036 Thread 0x00007f89fb800800 Threw 0x00000007f04469e0 at /HUDSON/workspace/jdk7u17-2-build-macosx-amd64-product/jdk7u17/hotspot/src/share/vm/prims/jvm.cpp:1166
Event: 9.058 Thread 0x00007f89fb800800 Threw 0x00000007f0455a18 at /HUDSON/workspace/jdk7u17-2-build-macosx-amd64-product/jdk7u17/hotspot/src/share/vm/prims/jvm.cpp:1166
Event: 9.059 Thread 0x00007f89fb800800 Threw 0x00000007f045f278 at /HUDSON/workspace/jdk7u17-2-build-macosx-amd64-product/jdk7u17/hotspot/src/share/vm/prims/jvm.cpp:1166

Events (10 events):
Event: 17.571 Executing VM operation: RevokeBias
Event: 17.571 Executing VM operation: RevokeBias done
Event: 17.571 Executing VM operation: RevokeBias
Event: 17.571 Executing VM operation: RevokeBias done
Event: 17.572 loading class 0x00007f89f9d67dd0
Event: 17.572 loading class 0x00007f89f9d67dd0 done
Event: 17.576 Thread 0x00007f89fb023800 flushing nmethod 0x000000010bc74c50
Event: 17.576 Thread 0x00007f89fb023800 flushing nmethod 0x000000010bc757d0
Event: 17.581 Thread 0x00007f89fb800800 Thread exited: 0x00007f89fb800800
Event: 17.581 Thread 0x00007f89fb0b3800 Thread added: 0x00007f89fb0b3800


Dynamic libraries:
0x000000000cdf3000 	/System/Library/Frameworks/Cocoa.framework/Versions/A/Cocoa
0x000000000cdf3000 	/System/Library/Frameworks/Security.framework/Versions/A/Security
0x000000000cdf3000 	/System/Library/Frameworks/ApplicationServices.framework/Versions/A/ApplicationServices
0x000000000cdf3000 	/usr/lib/libz.1.dylib
0x000000000cdf3000 	/usr/lib/libSystem.B.dylib
0x000000000cdf3000 	/usr/lib/libobjc.A.dylib
0x000000000cdf3000 	/System/Library/Frameworks/CoreFoundation.framework/Versions/A/CoreFoundation
0x000000000cdf3000 	/System/Library/Frameworks/AppKit.framework/Versions/C/AppKit
0x000000000cdf3000 	/System/Library/Frameworks/CoreData.framework/Versions/A/CoreData
0x000000000cdf3000 	/System/Library/Frameworks/Foundation.framework/Versions/C/Foundation
0x000000000cdf3000 	/System/Library/PrivateFrameworks/RemoteViewServices.framework/Versions/A/RemoteViewServices
0x000000000cdf3000 	/System/Library/Frameworks/AudioToolbox.framework/Versions/A/AudioToolbox
0x000000000cdf3000 	/System/Library/Frameworks/AudioUnit.framework/Versions/A/AudioUnit
0x000000000cdf3000 	/System/Library/PrivateFrameworks/DataDetectorsCore.framework/Versions/A/DataDetectorsCore
0x000000000cdf3000 	/System/Library/PrivateFrameworks/DesktopServicesPriv.framework/Versions/A/DesktopServicesPriv
0x000000000cdf3000 	/System/Library/Frameworks/Carbon.framework/Versions/A/Frameworks/HIToolbox.framework/Versions/A/HIToolbox
0x000000000cdf3000 	/System/Library/Frameworks/QuartzCore.framework/Versions/A/QuartzCore
0x000000000cdf3000 	/System/Library/Frameworks/Carbon.framework/Versions/A/Frameworks/SpeechRecognition.framework/Versions/A/SpeechRecognition
0x000000000cdf3000 	/usr/lib/libauto.dylib
0x000000000cdf3000 	/usr/lib/libicucore.A.dylib
0x000000000cdf3000 	/usr/lib/libxml2.2.dylib
0x000000000cdf3000 	/System/Library/PrivateFrameworks/CoreUI.framework/Versions/A/CoreUI
0x000000000cdf3000 	/System/Library/Frameworks/CoreAudio.framework/Versions/A/CoreAudio
0x000000000cdf3000 	/System/Library/Frameworks/DiskArbitration.framework/Versions/A/DiskArbitration
0x000000000cdf3000 	/usr/lib/liblangid.dylib
0x000000000cdf3000 	/System/Library/PrivateFrameworks/MultitouchSupport.framework/Versions/A/MultitouchSupport
0x000000000cdf3000 	/System/Library/Frameworks/IOKit.framework/Versions/A/IOKit
0x000000000cdf3000 	/usr/lib/libDiagnosticMessagesClient.dylib
0x000000000cdf3000 	/System/Library/Frameworks/CoreServices.framework/Versions/A/CoreServices
0x000000000cdf3000 	/System/Library/PrivateFrameworks/PerformanceAnalysis.framework/Versions/A/PerformanceAnalysis
0x000000000cdf3000 	/System/Library/PrivateFrameworks/GenerationalStorage.framework/Versions/A/GenerationalStorage
0x000000000cdf3000 	/System/Library/Frameworks/OpenGL.framework/Versions/A/OpenGL
0x000000000cdf3000 	/System/Library/PrivateFrameworks/Sharing.framework/Versions/A/Sharing
0x000000000cdf3000 	/System/Library/Frameworks/ImageIO.framework/Versions/A/ImageIO
0x000000000cdf3000 	/System/Library/Frameworks/CoreText.framework/Versions/A/CoreText
0x000000000cdf3000 	/System/Library/Frameworks/CoreGraphics.framework/Versions/A/CoreGraphics
0x000000000cdf3000 	/System/Library/PrivateFrameworks/Backup.framework/Versions/A/Backup
0x000000000cdf3000 	/System/Library/Frameworks/CFNetwork.framework/Versions/A/CFNetwork
0x000000000cdf3000 	/System/Library/Frameworks/SystemConfiguration.framework/Versions/A/SystemConfiguration
0x000000000cdf3000 	/usr/lib/libCRFSuite.dylib
0x000000000cdf3000 	/usr/lib/libc++.1.dylib
0x000000000cdf3000 	/usr/lib/libc++abi.dylib
0x000000000cdf3000 	/usr/lib/system/libcache.dylib
0x000000000cdf3000 	/usr/lib/system/libcommonCrypto.dylib
0x000000000cdf3000 	/usr/lib/system/libcompiler_rt.dylib
0x000000000cdf3000 	/usr/lib/system/libcopyfile.dylib
0x000000000cdf3000 	/usr/lib/system/libcorecrypto.dylib
0x000000000cdf3000 	/usr/lib/system/libdispatch.dylib
0x000000000cdf3000 	/usr/lib/system/libdyld.dylib
0x000000000cdf3000 	/usr/lib/system/libkeymgr.dylib
0x000000000cdf3000 	/usr/lib/system/liblaunch.dylib
0x000000000cdf3000 	/usr/lib/system/libmacho.dylib
0x000000000cdf3000 	/usr/lib/system/libquarantine.dylib
0x000000000cdf3000 	/usr/lib/system/libremovefile.dylib
0x000000000cdf3000 	/usr/lib/system/libsystem_asl.dylib
0x000000000cdf3000 	/usr/lib/system/libsystem_blocks.dylib
0x000000000cdf3000 	/usr/lib/system/libsystem_c.dylib
0x000000000cdf3000 	/usr/lib/system/libsystem_configuration.dylib
0x000000000cdf3000 	/usr/lib/system/libsystem_dnssd.dylib
0x000000000cdf3000 	/usr/lib/system/libsystem_info.dylib
0x000000000cdf3000 	/usr/lib/system/libsystem_kernel.dylib
0x000000000cdf3000 	/usr/lib/system/libsystem_m.dylib
0x000000000cdf3000 	/usr/lib/system/libsystem_malloc.dylib
0x000000000cdf3000 	/usr/lib/system/libsystem_network.dylib
0x000000000cdf3000 	/usr/lib/system/libsystem_notify.dylib
0x000000000cdf3000 	/usr/lib/system/libsystem_platform.dylib
0x000000000cdf3000 	/usr/lib/system/libsystem_pthread.dylib
0x000000000cdf3000 	/usr/lib/system/libsystem_sandbox.dylib
0x000000000cdf3000 	/usr/lib/system/libsystem_stats.dylib
0x000000000cdf3000 	/usr/lib/system/libunc.dylib
0x000000000cdf3000 	/usr/lib/system/libunwind.dylib
0x000000000cdf3000 	/usr/lib/system/libxpc.dylib
0x000000000cdf3000 	/usr/lib/libbsm.0.dylib
0x000000000cdf3000 	/usr/lib/libsqlite3.dylib
0x000000000cdf3000 	/usr/lib/libxar.1.dylib
0x000000000cdf3000 	/usr/lib/libpam.2.dylib
0x000000000cdf3000 	/usr/lib/libOpenScriptingUtil.dylib
0x000000000cdf3000 	/usr/lib/libbz2.1.0.dylib
0x000000000cdf3000 	/System/Library/Frameworks/CoreServices.framework/Versions/A/Frameworks/CarbonCore.framework/Versions/A/CarbonCore
0x000000000cdf3000 	/System/Library/Frameworks/CoreServices.framework/Versions/A/Frameworks/Metadata.framework/Versions/A/Metadata
0x000000000cdf3000 	/System/Library/Frameworks/CoreServices.framework/Versions/A/Frameworks/OSServices.framework/Versions/A/OSServices
0x000000000cdf3000 	/System/Library/Frameworks/CoreServices.framework/Versions/A/Frameworks/SearchKit.framework/Versions/A/SearchKit
0x000000000cdf3000 	/System/Library/Frameworks/CoreServices.framework/Versions/A/Frameworks/AE.framework/Versions/A/AE
0x000000000cdf3000 	/System/Library/Frameworks/CoreServices.framework/Versions/A/Frameworks/LaunchServices.framework/Versions/A/LaunchServices
0x000000000cdf3000 	/System/Library/Frameworks/CoreServices.framework/Versions/A/Frameworks/DictionaryServices.framework/Versions/A/DictionaryServices
0x000000000cdf3000 	/System/Library/Frameworks/NetFS.framework/Versions/A/NetFS
0x000000000cdf3000 	/usr/lib/system/libkxld.dylib
0x000000000cdf3000 	/System/Library/PrivateFrameworks/NetAuth.framework/Versions/A/NetAuth
0x000000000cdf3000 	/System/Library/PrivateFrameworks/TCC.framework/Versions/A/TCC
0x000000000cdf3000 	/System/Library/Frameworks/OpenDirectory.framework/Versions/A/Frameworks/CFOpenDirectory.framework/Versions/A/CFOpenDirectory
0x000000000cdf3000 	/System/Library/Frameworks/ServiceManagement.framework/Versions/A/ServiceManagement
0x000000000cdf3000 	/usr/lib/libxslt.1.dylib
0x000000000cdf3000 	/System/Library/Frameworks/Carbon.framework/Versions/A/Frameworks/Ink.framework/Versions/A/Ink
0x000000000cdf3000 	/System/Library/Frameworks/ApplicationServices.framework/Versions/A/Frameworks/ATS.framework/Versions/A/ATS
0x000000000cdf3000 	/System/Library/Frameworks/ApplicationServices.framework/Versions/A/Frameworks/ColorSync.framework/Versions/A/ColorSync
0x000000000cdf3000 	/System/Library/Frameworks/ApplicationServices.framework/Versions/A/Frameworks/HIServices.framework/Versions/A/HIServices
0x000000000cdf3000 	/System/Library/Frameworks/ApplicationServices.framework/Versions/A/Frameworks/LangAnalysis.framework/Versions/A/LangAnalysis
0x000000000cdf3000 	/System/Library/Frameworks/ApplicationServices.framework/Versions/A/Frameworks/PrintCore.framework/Versions/A/PrintCore
0x000000000cdf3000 	/System/Library/Frameworks/ApplicationServices.framework/Versions/A/Frameworks/QD.framework/Versions/A/QD
0x000000000cdf3000 	/System/Library/Frameworks/ApplicationServices.framework/Versions/A/Frameworks/SpeechSynthesis.framework/Versions/A/SpeechSynthesis
0x000000000cdf3000 	/System/Library/Frameworks/IOSurface.framework/Versions/A/IOSurface
0x000000000cdf3000 	/System/Library/Frameworks/Accelerate.framework/Versions/A/Accelerate
0x000000000cdf3000 	/System/Library/Frameworks/Accelerate.framework/Versions/A/Frameworks/vImage.framework/Versions/A/vImage
0x000000000cdf3000 	/System/Library/Frameworks/Accelerate.framework/Versions/A/Frameworks/vecLib.framework/Versions/A/vecLib
0x000000000cdf3000 	/System/Library/Frameworks/Accelerate.framework/Versions/A/Frameworks/vecLib.framework/Versions/A/libvDSP.dylib
0x000000000cdf3000 	/System/Library/Frameworks/Accelerate.framework/Versions/A/Frameworks/vecLib.framework/Versions/A/libvMisc.dylib
0x000000000cdf3000 	/System/Library/Frameworks/Accelerate.framework/Versions/A/Frameworks/vecLib.framework/Versions/A/libLAPACK.dylib
0x000000000cdf3000 	/System/Library/Frameworks/Accelerate.framework/Versions/A/Frameworks/vecLib.framework/Versions/A/libBLAS.dylib
0x000000000cdf3000 	/System/Library/Frameworks/ApplicationServices.framework/Versions/A/Frameworks/ATS.framework/Versions/A/Resources/libFontParser.dylib
0x000000000cdf3000 	/System/Library/Frameworks/ApplicationServices.framework/Versions/A/Frameworks/ATS.framework/Versions/A/Resources/libFontRegistry.dylib
0x000000000cdf3000 	/System/Library/Frameworks/ImageIO.framework/Versions/A/Resources/libJPEG.dylib
0x000000000cdf3000 	/System/Library/Frameworks/ImageIO.framework/Versions/A/Resources/libTIFF.dylib
0x000000000cdf3000 	/System/Library/Frameworks/ImageIO.framework/Versions/A/Resources/libPng.dylib
0x000000000cdf3000 	/System/Library/Frameworks/ImageIO.framework/Versions/A/Resources/libGIF.dylib
0x000000000cdf3000 	/System/Library/Frameworks/ImageIO.framework/Versions/A/Resources/libJP2.dylib
0x000000000cdf3000 	/System/Library/Frameworks/ImageIO.framework/Versions/A/Resources/libRadiance.dylib
0x000000000cdf3000 	/usr/lib/libcups.2.dylib
0x000000000cdf3000 	/System/Library/Frameworks/Kerberos.framework/Versions/A/Kerberos
0x000000000cdf3000 	/System/Library/Frameworks/GSS.framework/Versions/A/GSS
0x000000000cdf3000 	/usr/lib/libresolv.9.dylib
0x000000000cdf3000 	/usr/lib/libiconv.2.dylib
0x000000000cdf3000 	/System/Library/PrivateFrameworks/Heimdal.framework/Versions/A/Heimdal
0x000000000cdf3000 	/System/Library/PrivateFrameworks/TrustEvaluationAgent.framework/Versions/A/TrustEvaluationAgent
0x000000000cdf3000 	/usr/lib/libheimdal-asn1.dylib
0x000000000cdf3000 	/System/Library/Frameworks/OpenDirectory.framework/Versions/A/OpenDirectory
0x000000000cdf3000 	/System/Library/PrivateFrameworks/CommonAuth.framework/Versions/A/CommonAuth
0x000000000cdf3000 	/System/Library/Frameworks/SecurityFoundation.framework/Versions/A/SecurityFoundation
0x000000000cdf3000 	/System/Library/PrivateFrameworks/Bom.framework/Versions/A/Bom
0x000000000cdf3000 	/System/Library/Frameworks/CoreVideo.framework/Versions/A/CoreVideo
0x000000000cdf3000 	/System/Library/Frameworks/QuartzCore.framework/Versions/A/Frameworks/CoreImage.framework/Versions/A/CoreImage
0x000000000cdf3000 	/System/Library/Frameworks/QuartzCore.framework/Versions/A/Frameworks/ScalableUserInterface.framework/Versions/A/ScalableUserInterface
0x000000000cdf3000 	/System/Library/Frameworks/OpenGL.framework/Versions/A/Libraries/libGLU.dylib
0x000000000cdf3000 	/System/Library/Frameworks/OpenGL.framework/Versions/A/Libraries/libGFXShared.dylib
0x000000000cdf3000 	/System/Library/Frameworks/OpenGL.framework/Versions/A/Libraries/libGL.dylib
0x000000000cdf3000 	/System/Library/Frameworks/OpenGL.framework/Versions/A/Libraries/libGLImage.dylib
0x000000000cdf3000 	/System/Library/Frameworks/OpenGL.framework/Versions/A/Libraries/libCVMSPluginSupport.dylib
0x000000000cdf3000 	/System/Library/Frameworks/OpenGL.framework/Versions/A/Libraries/libCoreVMClient.dylib
0x000000000cdf3000 	/System/Library/PrivateFrameworks/FaceCore.framework/Versions/A/FaceCore
0x000000000cdf3000 	/System/Library/PrivateFrameworks/CrashReporterSupport.framework/Versions/A/CrashReporterSupport
0x000000000cdf3000 	/System/Library/Frameworks/OpenCL.framework/Versions/A/OpenCL
0x000000000cdf3000 	/System/Library/PrivateFrameworks/AppleFSCompression.framework/Versions/A/AppleFSCompression
0x000000000cdf3000 	/System/Library/PrivateFrameworks/Ubiquity.framework/Versions/A/Ubiquity
0x000000000cdf3000 	/System/Library/PrivateFrameworks/IconServices.framework/Versions/A/IconServices
0x000000000cdf3000 	/System/Library/PrivateFrameworks/ChunkingLibrary.framework/Versions/A/ChunkingLibrary
0x000000000cdf3000 	/System/Library/PrivateFrameworks/CoreSymbolication.framework/Versions/A/CoreSymbolication
0x000000000cdf3000 	/System/Library/PrivateFrameworks/Symbolication.framework/Versions/A/Symbolication
0x000000000cdf3000 	/System/Library/PrivateFrameworks/DebugSymbols.framework/Versions/A/DebugSymbols
0x000000010b000000 	/Library/Java/JavaVirtualMachines/jdk1.7.0_17.jdk/Contents/Home/jre/lib/server/libjvm.dylib
0x000000000cdf3000 	/usr/lib/libstdc++.6.dylib
0x0000000109f23000 	/Library/Java/JavaVirtualMachines/jdk1.7.0_17.jdk/Contents/Home/jre/lib/libverify.dylib
0x0000000109f30000 	/Library/Java/JavaVirtualMachines/jdk1.7.0_17.jdk/Contents/Home/jre/lib/libjava.dylib
0x0000000109f6a000 	/Library/Java/JavaVirtualMachines/jdk1.7.0_17.jdk/Contents/Home/jre/lib/libzip.dylib
0x000000010f22f000 	/System/Library/Frameworks/JavaVM.framework/Frameworks/JavaRuntimeSupport.framework/JavaRuntimeSupport
0x000000010f247000 	/System/Library/Frameworks/JavaVM.framework/Versions/A/Frameworks/JavaNativeFoundation.framework/Versions/A/JavaNativeFoundation
0x0000000109ff2000 	/System/Library/Frameworks/JavaVM.framework/Versions/A/JavaVM
0x000000000cdf3000 	/System/Library/Frameworks/Carbon.framework/Versions/A/Carbon
0x000000010f25c000 	/System/Library/PrivateFrameworks/JavaLaunching.framework/Versions/A/JavaLaunching
0x000000000cdf3000 	/System/Library/Frameworks/Carbon.framework/Versions/A/Frameworks/CommonPanels.framework/Versions/A/CommonPanels
0x000000000cdf3000 	/System/Library/Frameworks/Carbon.framework/Versions/A/Frameworks/Help.framework/Versions/A/Help
0x000000000cdf3000 	/System/Library/Frameworks/Carbon.framework/Versions/A/Frameworks/ImageCapture.framework/Versions/A/ImageCapture
0x000000000cdf3000 	/System/Library/Frameworks/Carbon.framework/Versions/A/Frameworks/OpenScripting.framework/Versions/A/OpenScripting
0x000000000cdf3000 	/System/Library/Frameworks/Carbon.framework/Versions/A/Frameworks/Print.framework/Versions/A/Print
0x000000000cdf3000 	/System/Library/Frameworks/Carbon.framework/Versions/A/Frameworks/SecurityHI.framework/Versions/A/SecurityHI
0x000000010f96a000 	/Library/Java/JavaVirtualMachines/jdk1.7.0_17.jdk/Contents/Home/jre/lib/libawt.dylib
0x000000010fa19000 	/Library/Java/JavaVirtualMachines/jdk1.7.0_17.jdk/Contents/Home/jre/lib/./libmlib_image.dylib
0x000000010fae5000 	/Library/Java/JavaVirtualMachines/jdk1.7.0_17.jdk/Contents/Home/jre/lib/lwawt/liblwawt.dylib
0x000000010fb97000 	/Library/Java/JavaVirtualMachines/jdk1.7.0_17.jdk/Contents/Home/jre/lib/libosxapp.dylib
0x000000000cdf3000 	/System/Library/Frameworks/ExceptionHandling.framework/Versions/A/ExceptionHandling
0x000000000cdf3000 	/System/Library/PrivateFrameworks/CoreServicesInternal.framework/Versions/A/CoreServicesInternal
0x000000000cdf3000 	/System/Library/PrivateFrameworks/Librarian.framework/Versions/A/Librarian
0x000000000cdf3000 	/System/Library/Frameworks/CoreGraphics.framework/Versions/A/Resources/libCGCMS.A.dylib
0x000000000cdf3000 	/System/Library/Frameworks/CoreGraphics.framework/Versions/A/Resources/libRIP.A.dylib
0x000000000cdf3000 	/System/Library/Frameworks/CoreGraphics.framework/Versions/A/Resources/libCGXType.A.dylib
0x000000000cdf3000 	/System/Library/PrivateFrameworks/FamilyControls.framework/Versions/A/FamilyControls
0x000000000cdf3000 	/System/Library/PrivateFrameworks/CommerceKit.framework/Versions/A/Frameworks/CommerceCore.framework/Versions/A/CommerceCore
0x000000000cdf3000 	/System/Library/PrivateFrameworks/SystemAdministration.framework/Versions/A/SystemAdministration
0x000000000cdf3000 	/System/Library/Frameworks/DirectoryService.framework/Versions/A/DirectoryService
0x000000000cdf3000 	/System/Library/PrivateFrameworks/DiskImages.framework/Versions/A/DiskImages
0x000000000cdf3000 	/System/Library/PrivateFrameworks/LoginUIKit.framework/Versions/A/Frameworks/LoginUICore.framework/Versions/A/LoginUICore
0x000000000cdf3000 	/usr/lib/libCoreStorage.dylib
0x000000000cdf3000 	/usr/lib/libcsfde.dylib
0x000000000cdf3000 	/usr/lib/libodfde.dylib
0x000000000cdf3000 	/System/Library/Frameworks/DiscRecording.framework/Versions/A/DiscRecording
0x000000000cdf3000 	/usr/lib/libcurl.4.dylib
0x000000000cdf3000 	/System/Library/PrivateFrameworks/MediaKit.framework/Versions/A/MediaKit
0x000000000cdf3000 	/System/Library/PrivateFrameworks/EFILogin.framework/Versions/A/EFILogin
0x000000000cdf3000 	/usr/lib/libutil.dylib
0x000000000cdf3000 	/System/Library/PrivateFrameworks/AOSNotification.framework/Versions/A/AOSNotification
0x000000000cdf3000 	/System/Library/Frameworks/LDAP.framework/Versions/A/LDAP
0x000000000cdf3000 	/usr/lib/libsasl2.2.dylib
0x000000000cdf3000 	/usr/lib/libcrypto.0.9.8.dylib
0x000000000cdf3000 	/usr/lib/libssl.0.9.8.dylib
0x0000000113e07000 	/Library/Java/JavaVirtualMachines/jdk1.7.0_17.jdk/Contents/Home/jre/lib/libfontmanager.dylib
0x0000000111625000 	/Library/Java/JavaVirtualMachines/jdk1.7.0_17.jdk/Contents/Home/jre/lib/libosxui.dylib
0x000000000cdf3000 	/System/Library/Frameworks/OpenGL.framework/Versions/A/Resources/GLEngine.bundle/GLEngine
0x000000000cdf3000 	/System/Library/Frameworks/OpenGL.framework/Versions/A/Libraries/libGLProgrammability.dylib
0x0000000000000000 	/System/Library/Extensions/AppleIntelHD3000GraphicsGLDriver.bundle/Contents/MacOS/AppleIntelHD3000GraphicsGLDriver
0x000000011162f000 	/System/Library/PrivateFrameworks/GPUSupport.framework/Versions/A/Libraries/libGPUSupport.dylib
0x0000000000000000 	/System/Library/Extensions/AMDRadeonX3000GLDriver.bundle/Contents/MacOS/AMDRadeonX3000GLDriver
0x000000000cdf3000 	/System/Library/PrivateFrameworks/IOAccelerator.framework/Versions/A/IOAccelerator
0x000000000cdf3000 	/System/Library/PrivateFrameworks/GPUSupport.framework/Versions/A/Libraries/libGPUSupportMercury.dylib
0x000000000cdf3000 	/System/Library/Frameworks/OpenGL.framework/Versions/A/Resources/GLRendererFloat.bundle/GLRendererFloat
0x000000000cdf3000 	/System/Library/Frameworks/OpenCL.framework/Versions/A/Libraries/libcldcpuengine.dylib
0x0000000114478000 	/Library/Java/JavaVirtualMachines/jdk1.7.0_17.jdk/Contents/Home/jre/lib/libnio.dylib
0x0000000114487000 	/Library/Java/JavaVirtualMachines/jdk1.7.0_17.jdk/Contents/Home/jre/lib/./libnet.dylib
0x0000000114589000 	cl_kernels
0x0000000115ad1000 	/System/Library/Frameworks/OpenCL.framework/Versions/A/Libraries/ImageFormats/unorm8_bgra.dylib
0x000000011457a000 	cl_kernels
0x0000000115f96000 	/Library/Java/JavaVirtualMachines/jdk1.7.0_17.jdk/Contents/Home/jre/lib/libosx.dylib

VM Arguments:
java_command: forge-1.7.2-10.12.0.1056-installer.jar
Launcher Type: SUN_STANDARD

Environment Variables:
CLASSPATH=/Users/edgustaf/code/android-sdk-macosx/tools/lib:/Users/edgustaf/lib:/Users/edgustaf/code/pyandrazzi/lib/jyson.jar
PATH=/opt/local/libexec/gnubin/:/usr/local/sbin:/Users/edgustaf/code/android-sdk-macosx/tools:/Users/edgustaf/code/android-sdk-macosx/platform-tools:/Users/edgustaf/bin:/opt/local/bin:/opt/local/sbin:/usr/bin:/bin:/usr/sbin:/sbin:/usr/local/bin:/opt/X11/bin:/usr/local/MacGPG2/bin
SHELL=/bin/bash
DISPLAY=/tmp/launch-7jigBc/org.macosforge.xquartz:0

Signal Handlers:
SIGSEGV: [libjvm.dylib+0x4a361d], sa_mask[0]=0xfffefeff, sa_flags=0x00000042
SIGBUS: [libjvm.dylib+0x4a361d], sa_mask[0]=0xfffefeff, sa_flags=0x00000042
SIGFPE: [libjvm.dylib+0x3b302d], sa_mask[0]=0xfffefeff, sa_flags=0x00000042
SIGPIPE: [libjvm.dylib+0x3b302d], sa_mask[0]=0xfffefeff, sa_flags=0x00000042
SIGXFSZ: [libjvm.dylib+0x3b302d], sa_mask[0]=0xfffefeff, sa_flags=0x00000042
SIGILL: [libjvm.dylib+0x3b302d], sa_mask[0]=0xfffefeff, sa_flags=0x00000042
SIGUSR1: SIG_DFL, sa_mask[0]=0x63807efb, sa_flags=0x00000000
SIGUSR2: [libjvm.dylib+0x3b2bc6], sa_mask[0]=0x00000000, sa_flags=0x00000042
SIGHUP: [libjvm.dylib+0x3b0e27], sa_mask[0]=0xfffefeff, sa_flags=0x00000042
SIGINT: [libjvm.dylib+0x3b0e27], sa_mask[0]=0xfffefeff, sa_flags=0x00000042
SIGTERM: [libjvm.dylib+0x3b0e27], sa_mask[0]=0xfffefeff, sa_flags=0x00000042
SIGQUIT: [libjvm.dylib+0x3b0e27], sa_mask[0]=0xfffefeff, sa_flags=0x00000042


---------------  S Y S T E M  ---------------

OS:Bsduname:Darwin 13.1.0 Darwin Kernel Version 13.1.0: Thu Jan 16 19:40:37 PST 2014; root:xnu-2422.90.20~2/RELEASE_X86_64 x86_64
rlimit: STACK 8192k, CORE 0k, NPROC 709, NOFILE 10240, AS infinity
load average:1.37 1.21 1.71

CPU:total 8 (4 cores per cpu, 2 threads per core) family 6 model 42 stepping 7, cmov, cx8, fxsr, mmx, sse, sse2, sse3, ssse3, sse4.1, sse4.2, popcnt, avx, ht, tsc, tscinvbit

Memory: 4k page, physical 694488k(173622k free)

/proc/meminfo:


vm_info: Java HotSpot(TM) 64-Bit Server VM (23.7-b01) for bsd-amd64 JRE (1.7.0_17-b02), built on Mar  1 2013 06:41:23 by "java_re" with gcc 4.2.1 (Based on Apple Inc. build 5658) (LLVM build 2336.11.00)

time: Mon Apr 14 20:11:39 2014
elapsed time: 17 seconds

